<?xml version="1.0" encoding="utf-8"?><testsuite errors="9" failures="0" name="pytest" skips="0" tests="9" time="0.125"><testcase classname="" file="TestCase/test_C_web/test_address_manage.py" name="TestCase.test_C_web.test_address_manage" time="0"><error message="collection failure">import file mismatch:
imported module &apos;UI_work.TestCase.test_C_web.test_address_manage&apos; has this __file__ attribute:
  /Users/xujianxin/PycharmProjects/Test-UI/TestCase/test_C_web/test_address_manage.py
which is not the same as the test file we want to collect:
  /Users/xujianxin/PycharmProjects/UI_work/TestCase/test_C_web/test_address_manage.py
HINT: remove __pycache__ / .pyc files and/or use a unique basename for your test file modules</error></testcase><testcase classname="" file="TestCase/test_C_web/test_forget_pwd.py" name="TestCase.test_C_web.test_forget_pwd" time="0"><error message="collection failure">import file mismatch:
imported module &apos;UI_work.TestCase.test_C_web.test_forget_pwd&apos; has this __file__ attribute:
  /Users/xujianxin/PycharmProjects/Test-UI/TestCase/test_C_web/test_forget_pwd.py
which is not the same as the test file we want to collect:
  /Users/xujianxin/PycharmProjects/UI_work/TestCase/test_C_web/test_forget_pwd.py
HINT: remove __pycache__ / .pyc files and/or use a unique basename for your test file modules</error></testcase><testcase classname="" file="TestCase/test_C_web/test_login.py" name="TestCase.test_C_web.test_login" time="0"><error message="collection failure">import file mismatch:
imported module &apos;UI_work.TestCase.test_C_web.test_login&apos; has this __file__ attribute:
  /Users/xujianxin/PycharmProjects/Test-UI/TestCase/test_C_web/test_login.py
which is not the same as the test file we want to collect:
  /Users/xujianxin/PycharmProjects/UI_work/TestCase/test_C_web/test_login.py
HINT: remove __pycache__ / .pyc files and/or use a unique basename for your test file modules</error></testcase><testcase classname="" file="TestCase/test_C_web/test_login_msg.py" name="TestCase.test_C_web.test_login_msg" time="0"><error message="collection failure">import file mismatch:
imported module &apos;UI_work.TestCase.test_C_web.test_login_msg&apos; has this __file__ attribute:
  /Users/xujianxin/PycharmProjects/Test-UI/TestCase/test_C_web/test_login_msg.py
which is not the same as the test file we want to collect:
  /Users/xujianxin/PycharmProjects/UI_work/TestCase/test_C_web/test_login_msg.py
HINT: remove __pycache__ / .pyc files and/or use a unique basename for your test file modules</error></testcase><testcase classname="" file="TestCase/test_C_web/test_my_order.py" name="TestCase.test_C_web.test_my_order" time="0"><error message="collection failure">import file mismatch:
imported module &apos;UI_work.TestCase.test_C_web.test_my_order&apos; has this __file__ attribute:
  /Users/xujianxin/PycharmProjects/Test-UI/TestCase/test_C_web/test_my_order.py
which is not the same as the test file we want to collect:
  /Users/xujianxin/PycharmProjects/UI_work/TestCase/test_C_web/test_my_order.py
HINT: remove __pycache__ / .pyc files and/or use a unique basename for your test file modules</error></testcase><testcase classname="" file="TestCase/test_C_web/test_pay.py" name="TestCase.test_C_web.test_pay" time="0"><error message="collection failure">import file mismatch:
imported module &apos;UI_work.TestCase.test_C_web.test_pay&apos; has this __file__ attribute:
  /Users/xujianxin/PycharmProjects/Test-UI/TestCase/test_C_web/test_pay.py
which is not the same as the test file we want to collect:
  /Users/xujianxin/PycharmProjects/UI_work/TestCase/test_C_web/test_pay.py
HINT: remove __pycache__ / .pyc files and/or use a unique basename for your test file modules</error></testcase><testcase classname="" file="TestCase/test_C_web/test_product_detail.py" name="TestCase.test_C_web.test_product_detail" time="0"><error message="collection failure">import file mismatch:
imported module &apos;UI_work.TestCase.test_C_web.test_product_detail&apos; has this __file__ attribute:
  /Users/xujianxin/PycharmProjects/Test-UI/TestCase/test_C_web/test_product_detail.py
which is not the same as the test file we want to collect:
  /Users/xujianxin/PycharmProjects/UI_work/TestCase/test_C_web/test_product_detail.py
HINT: remove __pycache__ / .pyc files and/or use a unique basename for your test file modules</error></testcase><testcase classname="" file="TestCase/test_C_web/test_regist.py" name="TestCase.test_C_web.test_regist" time="0"><error message="collection failure">import file mismatch:
imported module &apos;UI_work.TestCase.test_C_web.test_regist&apos; has this __file__ attribute:
  /Users/xujianxin/PycharmProjects/Test-UI/TestCase/test_C_web/test_regist.py
which is not the same as the test file we want to collect:
  /Users/xujianxin/PycharmProjects/UI_work/TestCase/test_C_web/test_regist.py
HINT: remove __pycache__ / .pyc files and/or use a unique basename for your test file modules</error></testcase><testcase classname="" file="TestCase/test_C_web/test_user_manage.py" name="TestCase.test_C_web.test_user_manage" time="0"><error message="collection failure">import file mismatch:
imported module &apos;UI_work.TestCase.test_C_web.test_user_manage&apos; has this __file__ attribute:
  /Users/xujianxin/PycharmProjects/Test-UI/TestCase/test_C_web/test_user_manage.py
which is not the same as the test file we want to collect:
  /Users/xujianxin/PycharmProjects/UI_work/TestCase/test_C_web/test_user_manage.py
HINT: remove __pycache__ / .pyc files and/or use a unique basename for your test file modules</error></testcase></testsuite>